d:\current project\carl\carl\x64\debug\vc143.pdb
d:\current project\carl\carl\x64\debug\vc143.idb
d:\current project\carl\carl\x64\debug\recall.obj
d:\current project\carl\carl\x64\debug\selfawareness.obj
d:\current project\carl\carl\x64\debug\playerlocation.obj
d:\current project\carl\carl\x64\debug\clipboard.obj
d:\current project\carl\carl\x64\debug\permissions.obj
d:\current project\carl\carl\x64\debug\main.obj
d:\current project\carl\carl\x64\debug\offsets.obj
d:\current project\carl\carl\x64\debug\clipboard.nativecodeanalysis.xml
d:\current project\carl\carl\x64\debug\permissions.nativecodeanalysis.xml
d:\current project\carl\carl\x64\debug\playerlocation.nativecodeanalysis.xml
d:\current project\carl\carl\x64\debug\recall.nativecodeanalysis.xml
d:\current project\carl\carl\x64\debug\selfawareness.nativecodeanalysis.xml
d:\current project\carl\x64\debug\carl.pdb
d:\current project\carl\carl\x64\debug\carl.tlog\cl.command.1.tlog
d:\current project\carl\carl\x64\debug\carl.tlog\cl.read.1.tlog
d:\current project\carl\carl\x64\debug\carl.tlog\cl.write.1.tlog
d:\current project\carl\carl\x64\debug\carl.tlog\link-cvtres.read.1.tlog
d:\current project\carl\carl\x64\debug\carl.tlog\link-cvtres.write.1.tlog
d:\current project\carl\carl\x64\debug\carl.tlog\link-rc.read.1.tlog
d:\current project\carl\carl\x64\debug\carl.tlog\link-rc.write.1.tlog
d:\current project\carl\carl\x64\debug\carl.tlog\link.command.1.tlog
d:\current project\carl\carl\x64\debug\carl.tlog\link.read.1.tlog
d:\current project\carl\carl\x64\debug\carl.tlog\link.read.2.tlog
d:\current project\carl\carl\x64\debug\carl.tlog\link.write.1.tlog
